[debug] [2024-03-11T00:31:25.289Z] ----------------------------------------------------------------------
[debug] [2024-03-11T00:31:25.290Z] Command:       /usr/local/bin/node /usr/local/bin/firebase emulators:start --only functions
[debug] [2024-03-11T00:31:25.291Z] CLI Version:   11.23.1
[debug] [2024-03-11T00:31:25.291Z] Platform:      darwin
[debug] [2024-03-11T00:31:25.291Z] Node Version:  v18.14.1
[debug] [2024-03-11T00:31:25.292Z] Time:          Sun Mar 10 2024 20:31:25 GMT-0400 (Eastern Daylight Time)
[debug] [2024-03-11T00:31:25.292Z] ----------------------------------------------------------------------
[debug] 
[debug] [2024-03-11T00:31:25.293Z] >>> [apiv2][query] GET https://firebase-public.firebaseio.com/cli.json [none]
[debug] [2024-03-11T00:31:25.357Z] > command requires scopes: ["email","openid","https://www.googleapis.com/auth/cloudplatformprojects.readonly","https://www.googleapis.com/auth/firebase","https://www.googleapis.com/auth/cloud-platform"]
[debug] [2024-03-11T00:31:25.357Z] > authorizing via signed-in user (realmattwong@gmail.com)
[info] i  emulators: Starting emulators: functions {"metadata":{"emulator":{"name":"hub"},"message":"Starting emulators: functions"}}
[debug] [2024-03-11T00:31:25.467Z] [logging] Logging Emulator only supports listening on one address (127.0.0.1). Not listening on ::1
[debug] [2024-03-11T00:31:25.467Z] assigned listening specs for emulators {"user":{"hub":[{"address":"127.0.0.1","family":"IPv4","port":4400},{"address":"::1","family":"IPv6","port":4400}],"ui":[{"address":"127.0.0.1","family":"IPv4","port":4000},{"address":"::1","family":"IPv6","port":4000}],"logging":[{"address":"127.0.0.1","family":"IPv4","port":4500}]},"metadata":{"message":"assigned listening specs for emulators"}}
[debug] [2024-03-11T00:31:25.472Z] [hub] writing locator at /var/folders/p6/jb6249217k91ykp5mplhl1fw0000gn/T/hub-working-title-movies.json
[debug] [2024-03-11T00:31:25.546Z] [functions] Functions Emulator only supports listening on one address (127.0.0.1). Not listening on ::1
[debug] [2024-03-11T00:31:25.546Z] [eventarc] Eventarc Emulator only supports listening on one address (127.0.0.1). Not listening on ::1
[debug] [2024-03-11T00:31:25.546Z] late-assigned ports for functions and eventarc emulators {"user":{"hub":[{"address":"127.0.0.1","family":"IPv4","port":4400},{"address":"::1","family":"IPv6","port":4400}],"ui":[{"address":"127.0.0.1","family":"IPv4","port":4000},{"address":"::1","family":"IPv6","port":4000}],"logging":[{"address":"127.0.0.1","family":"IPv4","port":4500}],"functions":[{"address":"127.0.0.1","family":"IPv4","port":5001}],"eventarc":[{"address":"127.0.0.1","family":"IPv4","port":9299}]},"metadata":{"message":"late-assigned ports for functions and eventarc emulators"}}
[warn] ⚠  functions: The following emulators are not running, calls to these services from the Functions emulator will affect production: auth, firestore, database, hosting, pubsub, storage {"metadata":{"emulator":{"name":"functions"},"message":"The following emulators are not running, calls to these services from the Functions emulator will affect production: \u001b[1mauth, firestore, database, hosting, pubsub, storage\u001b[22m"}}
[debug] [2024-03-11T00:31:25.548Z] defaultcredentials: writing to file /Users/matthewwong/.config/firebase/realmattwong_gmail_com_application_default_credentials.json
[debug] [2024-03-11T00:31:25.555Z] Setting GAC to /Users/matthewwong/.config/firebase/realmattwong_gmail_com_application_default_credentials.json {"metadata":{"emulator":{"name":"functions"},"message":"Setting GAC to /Users/matthewwong/.config/firebase/realmattwong_gmail_com_application_default_credentials.json"}}
[debug] [2024-03-11T00:31:25.555Z] > refreshing access token with scopes: []
[debug] [2024-03-11T00:31:25.556Z] >>> [apiv2][query] POST https://www.googleapis.com/oauth2/v3/token [none]
[debug] [2024-03-11T00:31:25.556Z] >>> [apiv2][body] POST https://www.googleapis.com/oauth2/v3/token [omitted]
[debug] [2024-03-11T00:31:25.673Z] <<< [apiv2][status] GET https://firebase-public.firebaseio.com/cli.json 200
[debug] [2024-03-11T00:31:25.673Z] <<< [apiv2][body] GET https://firebase-public.firebaseio.com/cli.json {"cloudBuildErrorAfter":1594252800000,"cloudBuildWarnAfter":1590019200000,"defaultNode10After":1594252800000,"minVersion":"3.0.5","node8DeploysDisabledAfter":1613390400000,"node8RuntimeDisabledAfter":1615809600000,"node8WarnAfter":1600128000000}
[debug] [2024-03-11T00:31:25.710Z] <<< [apiv2][status] POST https://www.googleapis.com/oauth2/v3/token 200
[debug] [2024-03-11T00:31:25.711Z] <<< [apiv2][body] POST https://www.googleapis.com/oauth2/v3/token [omitted]
[debug] [2024-03-11T00:31:25.719Z] >>> [apiv2][query] GET https://firebase.googleapis.com/v1beta1/projects/working-title-movies/adminSdkConfig [none]
[debug] [2024-03-11T00:31:26.116Z] <<< [apiv2][status] GET https://firebase.googleapis.com/v1beta1/projects/working-title-movies/adminSdkConfig 200
[debug] [2024-03-11T00:31:26.116Z] <<< [apiv2][body] GET https://firebase.googleapis.com/v1beta1/projects/working-title-movies/adminSdkConfig {"projectId":"working-title-movies","storageBucket":"working-title-movies.appspot.com"}
[debug] [2024-03-11T00:31:26.130Z] Ignoring unsupported arg: auto_download {"metadata":{"emulator":{"name":"ui"},"message":"Ignoring unsupported arg: auto_download"}}
[debug] [2024-03-11T00:31:26.130Z] Ignoring unsupported arg: port {"metadata":{"emulator":{"name":"ui"},"message":"Ignoring unsupported arg: port"}}
[debug] [2024-03-11T00:31:26.130Z] Starting Emulator UI with command {"binary":"node","args":["/Users/matthewwong/.cache/firebase/emulators/ui-v1.11.4/server/server.js"],"optionalArgs":[],"joinArgs":false} {"metadata":{"emulator":{"name":"ui"},"message":"Starting Emulator UI with command {\"binary\":\"node\",\"args\":[\"/Users/matthewwong/.cache/firebase/emulators/ui-v1.11.4/server/server.js\"],\"optionalArgs\":[],\"joinArgs\":false}"}}
[info] i  ui: Emulator UI logging to ui-debug.log {"metadata":{"emulator":{"name":"ui"},"message":"Emulator UI logging to \u001b[1mui-debug.log\u001b[22m"}}
[debug] [2024-03-11T00:31:26.189Z] Web / API server started at 127.0.0.1:4000
 {"metadata":{"emulator":{"name":"ui"},"message":"Web / API server started at 127.0.0.1:4000\n"}}
[debug] [2024-03-11T00:31:26.189Z] Web / API server started at ::1:4000
 {"metadata":{"emulator":{"name":"ui"},"message":"Web / API server started at ::1:4000\n"}}
[info] i  functions: Watching "/Users/matthewwong/Desktop/untitled movie project/movie-backend/functions" for Cloud Functions... {"metadata":{"emulator":{"name":"functions"},"message":"Watching \"/Users/matthewwong/Desktop/untitled movie project/movie-backend/functions\" for Cloud Functions..."}}
[debug] [2024-03-11T00:31:26.388Z] Validating nodejs source
[debug] [2024-03-11T00:31:26.715Z] > [functions] package.json contents: {
  "name": "functions",
  "scripts": {
    "build": "tsc",
    "build:watch": "tsc --watch",
    "serve": "npm run build && firebase emulators:start --only functions",
    "serve:dev": "npm run build && concurrently \"tsc --watch\" \"firebase emulators:start --only functions\"",
    "shell": "npm run build && firebase functions:shell",
    "start": "npm run shell",
    "deploy": "firebase deploy --only functions",
    "logs": "firebase functions:log"
  },
  "engines": {
    "node": "16"
  },
  "main": "lib/index.js",
  "dependencies": {
    "axios": "^1.6.7",
    "cors": "^2.8.5",
    "express": "^4.18.2",
    "firebase-admin": "^11.5.0",
    "firebase-functions": "^4.8.0",
    "mongodb": "^6.3.0"
  },
  "devDependencies": {
    "@types/cors": "^2.8.17",
    "@types/express": "^4.17.21",
    "concurrently": "^8.2.2",
    "firebase-functions-test": "^3.0.0",
    "typescript": "^5.3.3"
  },
  "private": true
}
[debug] [2024-03-11T00:31:26.715Z] Building nodejs source
[debug] [2024-03-11T00:31:26.715Z] Failed to find version of module node: reached end of search path /Users/matthewwong/Desktop/untitled movie project/movie-backend/functions/node_modules
[warn] ⚠  functions: Your requested "node" version "16" doesn't match your global version "18". Using node@18 from host. 
[debug] [2024-03-11T00:31:26.716Z] Could not find functions.yaml. Must use http discovery
[debug] [2024-03-11T00:31:26.721Z] Found firebase-functions binary at '/Users/matthewwong/Desktop/untitled movie project/movie-backend/functions/node_modules/.bin/firebase-functions'
[debug] [2024-03-11T00:31:26.818Z] Serving at port 8158

[debug] [2024-03-11T00:31:27.135Z] Got response from /__/functions.yaml {"endpoints":{"api":{"platform":"gcfv1","availableMemoryMb":null,"timeoutSeconds":null,"minInstances":null,"maxInstances":null,"ingressSettings":null,"serviceAccountEmail":null,"vpc":null,"httpsTrigger":{},"entryPoint":"api"}},"specVersion":"v1alpha1","requiredAPIs":[]}
[info] ✔  functions: Loaded functions definitions from source: api. {"metadata":{"emulator":{"name":"functions"},"message":"Loaded functions definitions from source: api."}}
[info] ✔  functions[us-central1-api]: http function initialized (http://127.0.0.1:5001/working-title-movies/us-central1/api). {"metadata":{"emulator":{"name":"functions"},"message":"\u001b[1mhttp\u001b[22m function initialized (http://127.0.0.1:5001/working-title-movies/us-central1/api)."}}
[info] 
┌─────────────────────────────────────────────────────────────┐
│ ✔  All emulators ready! It is now safe to connect your app. │
│ i  View Emulator UI at http://127.0.0.1:4000/               │
└─────────────────────────────────────────────────────────────┘

┌───────────┬────────────────┬─────────────────────────────────┐
│ Emulator  │ Host:Port      │ View in Emulator UI             │
├───────────┼────────────────┼─────────────────────────────────┤
│ Functions │ 127.0.0.1:5001 │ http://127.0.0.1:4000/functions │
└───────────┴────────────────┴─────────────────────────────────┘
  Emulator Hub running at 127.0.0.1:4400
  Other reserved ports: 4500

Issues? Report them at https://github.com/firebase/firebase-tools/issues and attach the *-debug.log files.
 
[debug] [2024-03-11T00:34:45.257Z] [work-queue] {"queuedWork":["/working-title-movies/us-central1/api/userProfiles/search-profile/uid/G4U9XwQkm1ONqGQGTMrjBbeVpAJ3-2024-03-11T00:34:45.256Z"],"queueLength":1,"runningWork":[],"workRunningCount":0}
[debug] [2024-03-11T00:34:45.259Z] [work-queue] {"queuedWork":[],"queueLength":0,"runningWork":["/working-title-movies/us-central1/api/userProfiles/search-profile/uid/G4U9XwQkm1ONqGQGTMrjBbeVpAJ3-2024-03-11T00:34:45.256Z"],"workRunningCount":1}
[debug] [2024-03-11T00:34:45.260Z] Accepted request GET /working-title-movies/us-central1/api/userProfiles/search-profile/uid/G4U9XwQkm1ONqGQGTMrjBbeVpAJ3 --> us-central1-api
[debug] [2024-03-11T00:34:45.272Z] [functions] Runtime ready! Sending request! {"metadata":{"emulator":{"name":"functions"},"message":"[functions] Runtime ready! Sending request!"}}
[debug] [2024-03-11T00:34:45.273Z] [functions] Got req.url=/working-title-movies/us-central1/api/userProfiles/search-profile/uid/G4U9XwQkm1ONqGQGTMrjBbeVpAJ3, mapping to path=/userProfiles/search-profile/uid/G4U9XwQkm1ONqGQGTMrjBbeVpAJ3 {"metadata":{"emulator":{"name":"functions"},"message":"[functions] Got req.url=/working-title-movies/us-central1/api/userProfiles/search-profile/uid/G4U9XwQkm1ONqGQGTMrjBbeVpAJ3, mapping to path=/userProfiles/search-profile/uid/G4U9XwQkm1ONqGQGTMrjBbeVpAJ3"}}
[debug] [2024-03-11T00:34:45.276Z] [worker-pool] addWorker(us-central1-api) {"metadata":{"emulator":{"name":"functions"},"message":"[worker-pool] addWorker(us-central1-api)"}}
[debug] [2024-03-11T00:34:45.276Z] [worker-pool] Adding worker with key us-central1-api, total=1 {"metadata":{"emulator":{"name":"functions"},"message":"[worker-pool] Adding worker with key us-central1-api, total=1"}}
[debug] [2024-03-11T00:34:45.894Z] [runtime-status] [51704] Resolved module firebase-admin {"declared":true,"installed":true,"version":"11.11.1","resolution":"/Users/matthewwong/Desktop/untitled movie project/movie-backend/functions/node_modules/firebase-admin/lib/index.js"} {"metadata":{"emulator":{"name":"functions"},"function":{"name":"us-central1-api"},"extension":{},"message":"[runtime-status] [51704] Resolved module firebase-admin {\"declared\":true,\"installed\":true,\"version\":\"11.11.1\",\"resolution\":\"/Users/matthewwong/Desktop/untitled movie project/movie-backend/functions/node_modules/firebase-admin/lib/index.js\"}"}}
[debug] [2024-03-11T00:34:45.894Z] [runtime-status] [51704] Resolved module firebase-functions {"declared":true,"installed":true,"version":"4.8.0","resolution":"/Users/matthewwong/Desktop/untitled movie project/movie-backend/functions/node_modules/firebase-functions/lib/v1/index.js"} {"metadata":{"emulator":{"name":"functions"},"function":{"name":"us-central1-api"},"extension":{},"message":"[runtime-status] [51704] Resolved module firebase-functions {\"declared\":true,\"installed\":true,\"version\":\"4.8.0\",\"resolution\":\"/Users/matthewwong/Desktop/untitled movie project/movie-backend/functions/node_modules/firebase-functions/lib/v1/index.js\"}"}}
[debug] [2024-03-11T00:34:45.895Z] [runtime-status] [51704] Found local functions config: /Users/matthewwong/Desktop/untitled movie project/movie-backend/functions/.runtimeconfig.json {"metadata":{"emulator":{"name":"functions"},"function":{"name":"us-central1-api"},"extension":{},"message":"[runtime-status] [51704] Found local functions config: /Users/matthewwong/Desktop/untitled movie project/movie-backend/functions/.runtimeconfig.json"}}
[debug] [2024-03-11T00:34:45.897Z] [runtime-status] [51704] Outgoing network have been stubbed. [{"name":"http","status":"mocked"},{"name":"http","status":"mocked"},{"name":"https","status":"mocked"},{"name":"https","status":"mocked"},{"name":"net","status":"mocked"}] {"metadata":{"emulator":{"name":"functions"},"function":{"name":"us-central1-api"},"extension":{},"message":"[runtime-status] [51704] Outgoing network have been stubbed. [{\"name\":\"http\",\"status\":\"mocked\"},{\"name\":\"http\",\"status\":\"mocked\"},{\"name\":\"https\",\"status\":\"mocked\"},{\"name\":\"https\",\"status\":\"mocked\"},{\"name\":\"net\",\"status\":\"mocked\"}]"}}
[debug] [2024-03-11T00:34:45.897Z] [runtime-status] [51704] Resolved module firebase-functions {"declared":true,"installed":true,"version":"4.8.0","resolution":"/Users/matthewwong/Desktop/untitled movie project/movie-backend/functions/node_modules/firebase-functions/lib/v1/index.js"} {"metadata":{"emulator":{"name":"functions"},"function":{"name":"us-central1-api"},"extension":{},"message":"[runtime-status] [51704] Resolved module firebase-functions {\"declared\":true,\"installed\":true,\"version\":\"4.8.0\",\"resolution\":\"/Users/matthewwong/Desktop/untitled movie project/movie-backend/functions/node_modules/firebase-functions/lib/v1/index.js\"}"}}
[debug] [2024-03-11T00:34:46.042Z] [runtime-status] [51704] Checked functions.config() {"config":{"mongodb":{"uri":"mongodb+srv://admin:Fish1234@cluster0.wdli9dt.mongodb.net/working-title-movies?retryWrites=true&w=majority&appName=Cluster0"},"tmdb":{"api_key":"6574ac922b72ed2523c2df2786bb269b"}}} {"metadata":{"emulator":{"name":"functions"},"function":{"name":"us-central1-api"},"extension":{},"message":"[runtime-status] [51704] Checked functions.config() {\"config\":{\"mongodb\":{\"uri\":\"mongodb+srv://admin:Fish1234@cluster0.wdli9dt.mongodb.net/working-title-movies?retryWrites=true&w=majority&appName=Cluster0\"},\"tmdb\":{\"api_key\":\"6574ac922b72ed2523c2df2786bb269b\"}}}"}}
[debug] [2024-03-11T00:34:46.042Z] [runtime-status] [51704] firebase-functions has been stubbed. {"functionsResolution":{"declared":true,"installed":true,"version":"4.8.0","resolution":"/Users/matthewwong/Desktop/untitled movie project/movie-backend/functions/node_modules/firebase-functions/lib/v1/index.js"}} {"metadata":{"emulator":{"name":"functions"},"function":{"name":"us-central1-api"},"extension":{},"message":"[runtime-status] [51704] firebase-functions has been stubbed. {\"functionsResolution\":{\"declared\":true,\"installed\":true,\"version\":\"4.8.0\",\"resolution\":\"/Users/matthewwong/Desktop/untitled movie project/movie-backend/functions/node_modules/firebase-functions/lib/v1/index.js\"}}"}}
[debug] [2024-03-11T00:34:46.043Z] [runtime-status] [51704] Resolved module firebase-functions {"declared":true,"installed":true,"version":"4.8.0","resolution":"/Users/matthewwong/Desktop/untitled movie project/movie-backend/functions/node_modules/firebase-functions/lib/v1/index.js"} {"metadata":{"emulator":{"name":"functions"},"function":{"name":"us-central1-api"},"extension":{},"message":"[runtime-status] [51704] Resolved module firebase-functions {\"declared\":true,\"installed\":true,\"version\":\"4.8.0\",\"resolution\":\"/Users/matthewwong/Desktop/untitled movie project/movie-backend/functions/node_modules/firebase-functions/lib/v1/index.js\"}"}}
[debug] [2024-03-11T00:34:46.043Z] [runtime-status] [51704] Resolved module firebase-admin {"declared":true,"installed":true,"version":"11.11.1","resolution":"/Users/matthewwong/Desktop/untitled movie project/movie-backend/functions/node_modules/firebase-admin/lib/index.js"} {"metadata":{"emulator":{"name":"functions"},"function":{"name":"us-central1-api"},"extension":{},"message":"[runtime-status] [51704] Resolved module firebase-admin {\"declared\":true,\"installed\":true,\"version\":\"11.11.1\",\"resolution\":\"/Users/matthewwong/Desktop/untitled movie project/movie-backend/functions/node_modules/firebase-admin/lib/index.js\"}"}}
[debug] [2024-03-11T00:34:46.045Z] [runtime-status] [51704] Resolved module firebase-functions {"declared":true,"installed":true,"version":"4.8.0","resolution":"/Users/matthewwong/Desktop/untitled movie project/movie-backend/functions/node_modules/firebase-functions/lib/v1/index.js"} {"metadata":{"emulator":{"name":"functions"},"function":{"name":"us-central1-api"},"extension":{},"message":"[runtime-status] [51704] Resolved module firebase-functions {\"declared\":true,\"installed\":true,\"version\":\"4.8.0\",\"resolution\":\"/Users/matthewwong/Desktop/untitled movie project/movie-backend/functions/node_modules/firebase-functions/lib/v1/index.js\"}"}}
[debug] [2024-03-11T00:34:46.045Z] [runtime-status] [51704] firebase-admin has been stubbed. {"adminResolution":{"declared":true,"installed":true,"version":"11.11.1","resolution":"/Users/matthewwong/Desktop/untitled movie project/movie-backend/functions/node_modules/firebase-admin/lib/index.js"}} {"metadata":{"emulator":{"name":"functions"},"function":{"name":"us-central1-api"},"extension":{},"message":"[runtime-status] [51704] firebase-admin has been stubbed. {\"adminResolution\":{\"declared\":true,\"installed\":true,\"version\":\"11.11.1\",\"resolution\":\"/Users/matthewwong/Desktop/untitled movie project/movie-backend/functions/node_modules/firebase-admin/lib/index.js\"}}"}}
[debug] [2024-03-11T00:34:46.175Z] [runtime-status] [51704] Functions runtime initialized. {"cwd":"/Users/matthewwong/Desktop/untitled movie project/movie-backend/functions","node_version":"18.14.1"} {"metadata":{"emulator":{"name":"functions"},"function":{"name":"us-central1-api"},"extension":{},"message":"[runtime-status] [51704] Functions runtime initialized. {\"cwd\":\"/Users/matthewwong/Desktop/untitled movie project/movie-backend/functions\",\"node_version\":\"18.14.1\"}"}}
[debug] [2024-03-11T00:34:46.175Z] [runtime-status] [51704] Listening to port: /var/folders/p6/jb6249217k91ykp5mplhl1fw0000gn/T/fire_emu_2ded9d02eced4efa.sock {"metadata":{"emulator":{"name":"functions"},"function":{"name":"us-central1-api"},"extension":{},"message":"[runtime-status] [51704] Listening to port: /var/folders/p6/jb6249217k91ykp5mplhl1fw0000gn/T/fire_emu_2ded9d02eced4efa.sock"}}
[debug] [2024-03-11T00:34:46.190Z] [worker-us-central1-api-70cdccc8-a966-402e-b937-714ea8bf2ca7]: IDLE {"metadata":{"emulator":{"name":"functions"},"function":{"name":"us-central1-api"},"extension":{},"message":"[worker-us-central1-api-70cdccc8-a966-402e-b937-714ea8bf2ca7]: IDLE"}}
[debug] [2024-03-11T00:34:46.191Z] [worker-pool] submitRequest(triggerId=us-central1-api) {"metadata":{"emulator":{"name":"functions"},"message":"[worker-pool] submitRequest(triggerId=us-central1-api)"}}
[info] i  functions: Beginning execution of "us-central1-api" {"metadata":{"emulator":{"name":"functions"},"function":{"name":"us-central1-api"},"extension":{},"message":"Beginning execution of \"us-central1-api\""}}
[debug] [2024-03-11T00:34:46.191Z] [worker-us-central1-api-70cdccc8-a966-402e-b937-714ea8bf2ca7]: BUSY {"metadata":{"emulator":{"name":"functions"},"function":{"name":"us-central1-api"},"extension":{},"message":"[worker-us-central1-api-70cdccc8-a966-402e-b937-714ea8bf2ca7]: BUSY"}}
[info] i  functions: Finished "us-central1-api" in 582.436458ms {"metadata":{"emulator":{"name":"functions"},"function":{"name":"us-central1-api"},"extension":{},"message":"Finished \"us-central1-api\" in 582.436458ms"}}
[debug] [2024-03-11T00:34:46.774Z] [worker-us-central1-api-70cdccc8-a966-402e-b937-714ea8bf2ca7]: IDLE {"metadata":{"emulator":{"name":"functions"},"function":{"name":"us-central1-api"},"extension":{},"message":"[worker-us-central1-api-70cdccc8-a966-402e-b937-714ea8bf2ca7]: IDLE"}}
[debug] [2024-03-11T00:34:46.774Z] [work-queue] {"queuedWork":[],"queueLength":0,"runningWork":[],"workRunningCount":0}
[debug] [2024-03-11T00:41:33.419Z] [work-queue] {"queuedWork":["/working-title-movies/us-central1/api/movies/search/1011985-2024-03-11T00:41:33.419Z"],"queueLength":1,"runningWork":[],"workRunningCount":0}
[debug] [2024-03-11T00:41:33.420Z] [work-queue] {"queuedWork":[],"queueLength":0,"runningWork":["/working-title-movies/us-central1/api/movies/search/1011985-2024-03-11T00:41:33.419Z"],"workRunningCount":1}
[debug] [2024-03-11T00:41:33.420Z] Accepted request GET /working-title-movies/us-central1/api/movies/search/1011985 --> us-central1-api
[debug] [2024-03-11T00:41:33.427Z] [functions] Runtime ready! Sending request! {"metadata":{"emulator":{"name":"functions"},"message":"[functions] Runtime ready! Sending request!"}}
[debug] [2024-03-11T00:41:33.427Z] [functions] Got req.url=/working-title-movies/us-central1/api/movies/search/1011985, mapping to path=/movies/search/1011985 {"metadata":{"emulator":{"name":"functions"},"message":"[functions] Got req.url=/working-title-movies/us-central1/api/movies/search/1011985, mapping to path=/movies/search/1011985"}}
[debug] [2024-03-11T00:41:33.427Z] [worker-pool] submitRequest(triggerId=us-central1-api) {"metadata":{"emulator":{"name":"functions"},"message":"[worker-pool] submitRequest(triggerId=us-central1-api)"}}
[info] i  functions: Beginning execution of "us-central1-api" {"metadata":{"emulator":{"name":"functions"},"function":{"name":"us-central1-api"},"extension":{},"message":"Beginning execution of \"us-central1-api\""}}
[debug] [2024-03-11T00:41:33.429Z] [worker-us-central1-api-70cdccc8-a966-402e-b937-714ea8bf2ca7]: BUSY {"metadata":{"emulator":{"name":"functions"},"function":{"name":"us-central1-api"},"extension":{},"message":"[worker-us-central1-api-70cdccc8-a966-402e-b937-714ea8bf2ca7]: BUSY"}}
[info] i  functions: Finished "us-central1-api" in 34.732875ms {"metadata":{"emulator":{"name":"functions"},"function":{"name":"us-central1-api"},"extension":{},"message":"Finished \"us-central1-api\" in 34.732875ms"}}
[debug] [2024-03-11T00:41:33.465Z] [worker-us-central1-api-70cdccc8-a966-402e-b937-714ea8bf2ca7]: IDLE {"metadata":{"emulator":{"name":"functions"},"function":{"name":"us-central1-api"},"extension":{},"message":"[worker-us-central1-api-70cdccc8-a966-402e-b937-714ea8bf2ca7]: IDLE"}}
[debug] [2024-03-11T00:41:33.466Z] [work-queue] {"queuedWork":[],"queueLength":0,"runningWork":[],"workRunningCount":0}
[debug] [2024-03-11T00:41:33.467Z] [work-queue] {"queuedWork":["/working-title-movies/us-central1/api/movies/search/1011985-2024-03-11T00:41:33.467Z"],"queueLength":1,"runningWork":[],"workRunningCount":0}
[debug] [2024-03-11T00:41:33.468Z] [work-queue] {"queuedWork":[],"queueLength":0,"runningWork":["/working-title-movies/us-central1/api/movies/search/1011985-2024-03-11T00:41:33.467Z"],"workRunningCount":1}
[debug] [2024-03-11T00:41:33.468Z] Accepted request GET /working-title-movies/us-central1/api/movies/search/1011985 --> us-central1-api
[debug] [2024-03-11T00:41:33.476Z] [functions] Runtime ready! Sending request! {"metadata":{"emulator":{"name":"functions"},"message":"[functions] Runtime ready! Sending request!"}}
[debug] [2024-03-11T00:41:33.477Z] [functions] Got req.url=/working-title-movies/us-central1/api/movies/search/1011985, mapping to path=/movies/search/1011985 {"metadata":{"emulator":{"name":"functions"},"message":"[functions] Got req.url=/working-title-movies/us-central1/api/movies/search/1011985, mapping to path=/movies/search/1011985"}}
[debug] [2024-03-11T00:41:33.477Z] [worker-pool] submitRequest(triggerId=us-central1-api) {"metadata":{"emulator":{"name":"functions"},"message":"[worker-pool] submitRequest(triggerId=us-central1-api)"}}
[info] i  functions: Beginning execution of "us-central1-api" {"metadata":{"emulator":{"name":"functions"},"function":{"name":"us-central1-api"},"extension":{},"message":"Beginning execution of \"us-central1-api\""}}
[debug] [2024-03-11T00:41:33.477Z] [worker-us-central1-api-70cdccc8-a966-402e-b937-714ea8bf2ca7]: BUSY {"metadata":{"emulator":{"name":"functions"},"function":{"name":"us-central1-api"},"extension":{},"message":"[worker-us-central1-api-70cdccc8-a966-402e-b937-714ea8bf2ca7]: BUSY"}}
[info] i  functions: Finished "us-central1-api" in 32.448917ms {"metadata":{"emulator":{"name":"functions"},"function":{"name":"us-central1-api"},"extension":{},"message":"Finished \"us-central1-api\" in 32.448917ms"}}
[debug] [2024-03-11T00:41:33.510Z] [worker-us-central1-api-70cdccc8-a966-402e-b937-714ea8bf2ca7]: IDLE {"metadata":{"emulator":{"name":"functions"},"function":{"name":"us-central1-api"},"extension":{},"message":"[worker-us-central1-api-70cdccc8-a966-402e-b937-714ea8bf2ca7]: IDLE"}}
[debug] [2024-03-11T00:41:33.510Z] [work-queue] {"queuedWork":[],"queueLength":0,"runningWork":[],"workRunningCount":0}
